<?xml version="1.0" encoding="UTF-8"?>
<!-- Generated by org.testng.reporters.JUnitReportReporter -->
<testsuite hostname="Arx" name="test.GetHTTParchive" tests="1" failures="0" timestamp="3 Nov 2013 17:48:58 GMT" time="14.402" errors="0">
  <testcase name="httpRequestCheck" time="14.402" classname="test.GetHTTParchive"/>
</testsuite> <!-- test.GetHTTParchive -->
