<?xml version="1.0" encoding="UTF-8"?>
<!-- Generated by org.testng.reporters.JUnitReportReporter -->
<testsuite hostname="Arx" name="test.verifyRequest" tests="1" failures="0" timestamp="3 Nov 2013 16:59:50 GMT" time="0.009" errors="0">
  <testcase name="httpRequestCheck" time="0.009" classname="test.verifyRequest"/>
</testsuite> <!-- test.verifyRequest -->
