<?xml version="1.0" encoding="UTF-8"?>
<!-- Generated by org.testng.reporters.JUnitReportReporter -->
<testsuite hostname="Arx" name="test.BrowserMob" tests="1" failures="0" timestamp="3 Nov 2013 17:16:02 GMT" time="0.282" errors="0">
  <testcase name="httpRequestCheck" time="0.282" classname="test.BrowserMob"/>
</testsuite> <!-- test.BrowserMob -->
