<?xml version="1.0" encoding="UTF-8"?>
<!-- Generated by org.testng.reporters.JUnitReportReporter -->
<testsuite hostname="CPopescu-PC" name="test.GetHTTParchive" tests="1" failures="0" timestamp="4 Nov 2013 13:12:14 GMT" time="12.118" errors="0">
  <testcase name="httpRequestCheck" time="12.118" classname="test.GetHTTParchive"/>
</testsuite> <!-- test.GetHTTParchive -->
