<?xml version="1.0" encoding="UTF-8"?>
<!-- Generated by org.testng.reporters.JUnitReportReporter -->
<testsuite hostname="Arx" name="test.GetHarData" tests="1" failures="0" timestamp="3 Nov 2013 17:45:56 GMT" time="11.730" errors="0">
  <testcase name="httpRequestCheck" time="11.730" classname="test.GetHarData"/>
</testsuite> <!-- test.GetHarData -->
